Building DAG of jobs...
Using shell: /bin/bash
Provided cores: 1 (use --cores to define parallelism)
Rules claiming more threads will be scaled down.
Job stats:
job                       count    min threads    max threads
----------------------  -------  -------------  -------------
all                           1              1              1
bake                          1              1              1
beat_eggs                     1              1              1
cream_butter_and_sugar        1              1              1
mix_together                  1              1              1
weigh_and_sift_flour          1              1              1
total                         6              1              1

Select jobs to execute...

[Tue Oct  3 13:52:53 2023]
rule beat_eggs:
    input: resources/eggs.ingredient
    output: results/eggs.prepared
    jobid: 3
    reason: Forced execution
    resources: tmpdir=/var/folders/5r/wxyz8ntn6ks8g2wwjv0qrszc0000gq/T

[Tue Oct  3 13:52:53 2023]
Finished job 3.
1 of 6 steps (17%) done
Select jobs to execute...

[Tue Oct  3 13:52:53 2023]
rule weigh_and_sift_flour:
    input: resources/bag_of_flour.ingredient
    output: results/flour.prepared
    jobid: 4
    reason: Forced execution
    resources: tmpdir=/var/folders/5r/wxyz8ntn6ks8g2wwjv0qrszc0000gq/T

[Tue Oct  3 13:52:53 2023]
Finished job 4.
2 of 6 steps (33%) done
Select jobs to execute...

[Tue Oct  3 13:52:53 2023]
rule cream_butter_and_sugar:
    input: resources/bag_of_sugar.ingredient, resources/block_of_butter.ingredient
    output: results/sugar.prepared
    jobid: 5
    reason: Forced execution
    resources: tmpdir=/var/folders/5r/wxyz8ntn6ks8g2wwjv0qrszc0000gq/T

[Tue Oct  3 13:52:53 2023]
Finished job 5.
3 of 6 steps (50%) done
Select jobs to execute...

[Tue Oct  3 13:52:53 2023]
rule mix_together:
    input: results/eggs.prepared, results/flour.prepared, results/sugar.prepared, resources/vanilla_essence.ingredient
    output: results/cake.batter
    jobid: 2
    reason: Input files updated by another job: results/eggs.prepared, results/sugar.prepared, results/flour.prepared
    resources: tmpdir=/var/folders/5r/wxyz8ntn6ks8g2wwjv0qrszc0000gq/T

[Tue Oct  3 13:53:53 2023]
Finished job 2.
4 of 6 steps (67%) done
Select jobs to execute...

[Tue Oct  3 13:53:53 2023]
rule bake:
    input: results/cake.batter
    output: results/cake.done
    jobid: 1
    reason: Input files updated by another job: results/cake.batter
    resources: tmpdir=/var/folders/5r/wxyz8ntn6ks8g2wwjv0qrszc0000gq/T

[Tue Oct  3 13:53:53 2023]
Finished job 1.
5 of 6 steps (83%) done
Select jobs to execute...

[Tue Oct  3 13:53:53 2023]
localrule all:
    input: results/cake.done
    jobid: 0
    reason: Input files updated by another job: results/cake.done
    resources: tmpdir=/var/folders/5r/wxyz8ntn6ks8g2wwjv0qrszc0000gq/T

[Tue Oct  3 13:53:53 2023]
Finished job 0.
6 of 6 steps (100%) done
Complete log: .snakemake/log/2023-10-03T135253.075656.snakemake.log
