Building DAG of jobs...
Using shell: /bin/bash
Provided cores: 1 (use --cores to define parallelism)
Rules claiming more threads will be scaled down.
Job stats:
job                     count    min threads    max threads
--------------------  -------  -------------  -------------
bake                        1              1              1
mix_together                1              1              1
weigh_and_sift_flour        1              1              1
weigh_sugar                 1              1              1
total                       4              1              1

Select jobs to execute...

[Tue Oct  3 10:17:53 2023]
rule weigh_sugar:
    input: resources/bag_of_sugar.ingredient
    output: results/sugar.prepared
    jobid: 4
    reason: Missing output files: results/sugar.prepared
    resources: tmpdir=/var/folders/5r/wxyz8ntn6ks8g2wwjv0qrszc0000gq/T

[Tue Oct  3 10:17:53 2023]
Finished job 4.
1 of 4 steps (25%) done
Select jobs to execute...

[Tue Oct  3 10:17:53 2023]
rule weigh_and_sift_flour:
    input: resources/bag_of_flour.ingredient
    output: results/flour.prepared
    jobid: 3
    reason: Missing output files: results/flour.prepared
    resources: tmpdir=/var/folders/5r/wxyz8ntn6ks8g2wwjv0qrszc0000gq/T

[Tue Oct  3 10:17:53 2023]
Finished job 3.
2 of 4 steps (50%) done
Select jobs to execute...

[Tue Oct  3 10:17:53 2023]
rule mix_together:
    input: results/eggs.prepared, results/flour.prepared, results/sugar.prepared, resources/vanilla_essence.ingredient
    output: results/cake.batter
    jobid: 1
    reason: Missing output files: results/cake.batter; Input files updated by another job: results/sugar.prepared, results/flour.prepared
    resources: tmpdir=/var/folders/5r/wxyz8ntn6ks8g2wwjv0qrszc0000gq/T

[Tue Oct  3 10:17:56 2023]
Finished job 1.
3 of 4 steps (75%) done
Select jobs to execute...

[Tue Oct  3 10:17:56 2023]
rule bake:
    input: results/cake.batter
    output: results/cake.done
    jobid: 0
    reason: Missing output files: results/cake.done; Input files updated by another job: results/cake.batter
    resources: tmpdir=/var/folders/5r/wxyz8ntn6ks8g2wwjv0qrszc0000gq/T

[Tue Oct  3 10:17:56 2023]
Error in rule bake:
    jobid: 0
    input: results/cake.batter
    output: results/cake.done
    shell:
        
        echo "Baking in the oven at 180 degrees C for 30 minutes.
        touch results/cake.done
        
        (one of the commands exited with non-zero exit code; note that snakemake uses bash strict mode!)

Shutting down, this might take some time.
Exiting because a job execution failed. Look above for error message
Complete log: .snakemake/log/2023-10-03T101753.046959.snakemake.log
